  [1m[36m (1.5ms)[0m  [1mCREATE TABLE "schema_migrations" ("version" varchar NOT NULL) [0m
  [1m[35m (0.1ms)[0m  select sqlite_version(*)
  [1m[36m (1.2ms)[0m  [1mCREATE UNIQUE INDEX "unique_schema_migrations" ON "schema_migrations" ("version")[0m
  [1m[35mActiveRecord::SchemaMigration Load (0.1ms)[0m  SELECT "schema_migrations".* FROM "schema_migrations"
Migrating to CreateAnimals (20150814004353)
  [1m[36m (0.1ms)[0m  [1mbegin transaction[0m
  [1m[35m (0.4ms)[0m  CREATE TABLE "animals" ("id" INTEGER PRIMARY KEY AUTOINCREMENT NOT NULL, "name" varchar, "created_at" datetime NOT NULL, "updated_at" datetime NOT NULL) 
  [1m[36mSQL (0.2ms)[0m  [1mINSERT INTO "schema_migrations" ("version") VALUES (?)[0m  [["version", "20150814004353"]]
  [1m[35m (1.3ms)[0m  commit transaction
  [1m[36mActiveRecord::SchemaMigration Load (0.1ms)[0m  [1mSELECT "schema_migrations".* FROM "schema_migrations"[0m
  [1m[36mActiveRecord::SchemaMigration Load (0.1ms)[0m  [1mSELECT "schema_migrations".* FROM "schema_migrations"[0m
Migrating to DeviseCreateUsers (20150814004440)
  [1m[35m (0.1ms)[0m  begin transaction
  [1m[36m (0.5ms)[0m  [1mCREATE TABLE "users" ("id" INTEGER PRIMARY KEY AUTOINCREMENT NOT NULL, "email" varchar DEFAULT '' NOT NULL, "encrypted_password" varchar DEFAULT '' NOT NULL, "reset_password_token" varchar, "reset_password_sent_at" datetime, "remember_created_at" datetime, "sign_in_count" integer DEFAULT 0 NOT NULL, "current_sign_in_at" datetime, "last_sign_in_at" datetime, "current_sign_in_ip" varchar, "last_sign_in_ip" varchar, "confirmation_token" varchar, "confirmed_at" datetime, "confirmation_sent_at" datetime, "unconfirmed_email" varchar, "created_at" datetime NOT NULL, "updated_at" datetime NOT NULL) [0m
  [1m[35m (0.1ms)[0m  select sqlite_version(*)
  [1m[36m (0.3ms)[0m  [1mCREATE UNIQUE INDEX "index_users_on_email" ON "users" ("email")[0m
  [1m[35m (0.1ms)[0m              SELECT sql
            FROM sqlite_master
            WHERE name='index_users_on_email' AND type='index'
            UNION ALL
            SELECT sql
            FROM sqlite_temp_master
            WHERE name='index_users_on_email' AND type='index'

  [1m[36m (0.1ms)[0m  [1mCREATE UNIQUE INDEX "index_users_on_reset_password_token" ON "users" ("reset_password_token")[0m
  [1m[35m (0.1ms)[0m              SELECT sql
            FROM sqlite_master
            WHERE name='index_users_on_reset_password_token' AND type='index'
            UNION ALL
            SELECT sql
            FROM sqlite_temp_master
            WHERE name='index_users_on_reset_password_token' AND type='index'

  [1m[36m (0.1ms)[0m  [1m            SELECT sql
            FROM sqlite_master
            WHERE name='index_users_on_email' AND type='index'
            UNION ALL
            SELECT sql
            FROM sqlite_temp_master
            WHERE name='index_users_on_email' AND type='index'
[0m
  [1m[35m (0.1ms)[0m  CREATE UNIQUE INDEX "index_users_on_confirmation_token" ON "users" ("confirmation_token")
  [1m[36mSQL (0.2ms)[0m  [1mINSERT INTO "schema_migrations" ("version") VALUES (?)[0m  [["version", "20150814004440"]]
  [1m[35m (1.6ms)[0m  commit transaction
  [1m[36mActiveRecord::SchemaMigration Load (0.1ms)[0m  [1mSELECT "schema_migrations".* FROM "schema_migrations"[0m
  [1m[35m (0.1ms)[0m              SELECT sql
            FROM sqlite_master
            WHERE name='index_users_on_confirmation_token' AND type='index'
            UNION ALL
            SELECT sql
            FROM sqlite_temp_master
            WHERE name='index_users_on_confirmation_token' AND type='index'

  [1m[36m (0.1ms)[0m  [1m            SELECT sql
            FROM sqlite_master
            WHERE name='index_users_on_reset_password_token' AND type='index'
            UNION ALL
            SELECT sql
            FROM sqlite_temp_master
            WHERE name='index_users_on_reset_password_token' AND type='index'
[0m
  [1m[35m (0.1ms)[0m              SELECT sql
            FROM sqlite_master
            WHERE name='index_users_on_email' AND type='index'
            UNION ALL
            SELECT sql
            FROM sqlite_temp_master
            WHERE name='index_users_on_email' AND type='index'



Started GET "/" for ::1 at 2015-08-13 22:38:25 -0300
  [1m[36mActiveRecord::SchemaMigration Load (0.5ms)[0m  [1mSELECT "schema_migrations".* FROM "schema_migrations"[0m
Processing by PagesController#home as HTML
  Rendered pages/home.html.erb within layouts/application (4.4ms)
Completed 200 OK in 2292ms (Views: 2269.1ms | ActiveRecord: 0.0ms)


Started GET "/" for ::1 at 2015-08-13 22:38:27 -0300
Processing by PagesController#home as HTML
  Rendered pages/home.html.erb within layouts/application (0.1ms)
Completed 200 OK in 43ms (Views: 42.7ms | ActiveRecord: 0.0ms)


Started GET "/assets/animals.self-e3b0c44298fc1c149afbf4c8996fb92427ae41e4649b934ca495991b7852b855.css?body=1" for ::1 at 2015-08-13 22:38:28 -0300


Started GET "/assets/scaffolds.self-423dafac7b7e6dcd1120f33f17829f9045cde8f6db5d128cb51922c297637def.css?body=1" for ::1 at 2015-08-13 22:38:28 -0300


Started GET "/assets/pages.self-e3b0c44298fc1c149afbf4c8996fb92427ae41e4649b934ca495991b7852b855.css?body=1" for ::1 at 2015-08-13 22:38:28 -0300


Started GET "/assets/application.self-e80e8f2318043e8af94dddc2adad5a4f09739a8ebb323b3ab31cd71d45fd9113.css?body=1" for ::1 at 2015-08-13 22:38:28 -0300


Started GET "/assets/jquery.self-d03a5518f45df77341bdbe6201ba3bfa547ebba8ed64f0ea56bfa5f96ea7c074.js?body=1" for ::1 at 2015-08-13 22:38:28 -0300


Started GET "/assets/application.self-3b8dabdc891efe46b9a144b400ad69e37d7e5876bdc39dee783419a69d7ca819.js?body=1" for ::1 at 2015-08-13 22:38:28 -0300


Started GET "/assets/animals.self-877aef30ae1b040ab8a3aba4e3e309a11d7f2612f44dde450b5c157aa5f95c05.js?body=1" for ::1 at 2015-08-13 22:38:28 -0300


Started GET "/" for ::1 at 2015-08-13 22:41:34 -0300
Processing by PagesController#home as HTML
  Rendered pages/home.html.erb within layouts/application (4.8ms)
Completed 200 OK in 44ms (Views: 43.7ms | ActiveRecord: 0.0ms)


Started GET "/assets/animals.self-e3b0c44298fc1c149afbf4c8996fb92427ae41e4649b934ca495991b7852b855.css?body=1" for ::1 at 2015-08-13 22:41:34 -0300


Started GET "/assets/jquery_ujs.self-ca5248a2fad13d6bd58ea121318d642f195f0b2dd818b30615f785ff365e8d1f.js?body=1" for ::1 at 2015-08-13 22:41:34 -0300


Started GET "/assets/pages.self-e3b0c44298fc1c149afbf4c8996fb92427ae41e4649b934ca495991b7852b855.css?body=1" for ::1 at 2015-08-13 22:41:34 -0300


Started GET "/assets/application.self-e80e8f2318043e8af94dddc2adad5a4f09739a8ebb323b3ab31cd71d45fd9113.css?body=1" for ::1 at 2015-08-13 22:41:34 -0300


Started GET "/assets/jquery.self-d03a5518f45df77341bdbe6201ba3bfa547ebba8ed64f0ea56bfa5f96ea7c074.js?body=1" for ::1 at 2015-08-13 22:41:34 -0300


Started GET "/assets/scaffolds.self-423dafac7b7e6dcd1120f33f17829f9045cde8f6db5d128cb51922c297637def.css?body=1" for ::1 at 2015-08-13 22:41:34 -0300


Started GET "/assets/turbolinks.self-c37727e9bd6b2735da5c311aa83fead54ed0be6cc8bd9a65309e9c5abe2cbfff.js?body=1" for ::1 at 2015-08-13 22:41:34 -0300


Started GET "/assets/animals.self-877aef30ae1b040ab8a3aba4e3e309a11d7f2612f44dde450b5c157aa5f95c05.js?body=1" for ::1 at 2015-08-13 22:41:34 -0300


Started GET "/assets/pages.self-877aef30ae1b040ab8a3aba4e3e309a11d7f2612f44dde450b5c157aa5f95c05.js?body=1" for ::1 at 2015-08-13 22:41:34 -0300


Started GET "/assets/application.self-3b8dabdc891efe46b9a144b400ad69e37d7e5876bdc39dee783419a69d7ca819.js?body=1" for ::1 at 2015-08-13 22:41:34 -0300


Started GET "/" for ::1 at 2015-08-13 22:42:09 -0300
Processing by PagesController#home as HTML
  Rendered pages/home.html.erb within layouts/application (0.8ms)
Completed 200 OK in 43ms (Views: 42.3ms | ActiveRecord: 0.0ms)


Started GET "/assets/animals.self-e3b0c44298fc1c149afbf4c8996fb92427ae41e4649b934ca495991b7852b855.css?body=1" for ::1 at 2015-08-13 22:42:09 -0300


Started GET "/assets/pages.self-e3b0c44298fc1c149afbf4c8996fb92427ae41e4649b934ca495991b7852b855.css?body=1" for ::1 at 2015-08-13 22:42:09 -0300


Started GET "/assets/application.self-e80e8f2318043e8af94dddc2adad5a4f09739a8ebb323b3ab31cd71d45fd9113.css?body=1" for ::1 at 2015-08-13 22:42:09 -0300


Started GET "/assets/jquery.self-d03a5518f45df77341bdbe6201ba3bfa547ebba8ed64f0ea56bfa5f96ea7c074.js?body=1" for ::1 at 2015-08-13 22:42:09 -0300


Started GET "/assets/scaffolds.self-423dafac7b7e6dcd1120f33f17829f9045cde8f6db5d128cb51922c297637def.css?body=1" for ::1 at 2015-08-13 22:42:09 -0300


Started GET "/assets/jquery_ujs.self-ca5248a2fad13d6bd58ea121318d642f195f0b2dd818b30615f785ff365e8d1f.js?body=1" for ::1 at 2015-08-13 22:42:09 -0300


Started GET "/assets/turbolinks.self-c37727e9bd6b2735da5c311aa83fead54ed0be6cc8bd9a65309e9c5abe2cbfff.js?body=1" for ::1 at 2015-08-13 22:42:09 -0300


Started GET "/assets/animals.self-877aef30ae1b040ab8a3aba4e3e309a11d7f2612f44dde450b5c157aa5f95c05.js?body=1" for ::1 at 2015-08-13 22:42:09 -0300


Started GET "/assets/pages.self-877aef30ae1b040ab8a3aba4e3e309a11d7f2612f44dde450b5c157aa5f95c05.js?body=1" for ::1 at 2015-08-13 22:42:09 -0300


Started GET "/assets/application.self-3b8dabdc891efe46b9a144b400ad69e37d7e5876bdc39dee783419a69d7ca819.js?body=1" for ::1 at 2015-08-13 22:42:09 -0300


Started GET "/" for ::1 at 2015-08-13 22:42:23 -0300
  [1m[36mActiveRecord::SchemaMigration Load (0.1ms)[0m  [1mSELECT "schema_migrations".* FROM "schema_migrations"[0m
Processing by PagesController#home as HTML
  Rendered pages/home.html.erb within layouts/application (5.7ms)
Completed 200 OK in 281ms (Views: 270.1ms | ActiveRecord: 0.0ms)


Started GET "/" for ::1 at 2015-08-13 22:42:26 -0300
Processing by PagesController#home as HTML
  Rendered pages/home.html.erb within layouts/application (0.5ms)
Completed 200 OK in 52ms (Views: 50.8ms | ActiveRecord: 0.0ms)


Started GET "/assets/pages.self-e3b0c44298fc1c149afbf4c8996fb92427ae41e4649b934ca495991b7852b855.css?body=1" for ::1 at 2015-08-13 22:42:26 -0300


Started GET "/assets/jquery.self-d03a5518f45df77341bdbe6201ba3bfa547ebba8ed64f0ea56bfa5f96ea7c074.js?body=1" for ::1 at 2015-08-13 22:42:26 -0300


Started GET "/assets/jquery_ujs.self-ca5248a2fad13d6bd58ea121318d642f195f0b2dd818b30615f785ff365e8d1f.js?body=1" for ::1 at 2015-08-13 22:42:26 -0300


Started GET "/assets/application.self-e80e8f2318043e8af94dddc2adad5a4f09739a8ebb323b3ab31cd71d45fd9113.css?body=1" for ::1 at 2015-08-13 22:42:26 -0300


Started GET "/assets/scaffolds.self-423dafac7b7e6dcd1120f33f17829f9045cde8f6db5d128cb51922c297637def.css?body=1" for ::1 at 2015-08-13 22:42:26 -0300


Started GET "/assets/animals.self-e3b0c44298fc1c149afbf4c8996fb92427ae41e4649b934ca495991b7852b855.css?body=1" for ::1 at 2015-08-13 22:42:26 -0300


Started GET "/assets/turbolinks.self-c37727e9bd6b2735da5c311aa83fead54ed0be6cc8bd9a65309e9c5abe2cbfff.js?body=1" for ::1 at 2015-08-13 22:42:26 -0300


Started GET "/assets/animals.self-877aef30ae1b040ab8a3aba4e3e309a11d7f2612f44dde450b5c157aa5f95c05.js?body=1" for ::1 at 2015-08-13 22:42:26 -0300


Started GET "/assets/pages.self-877aef30ae1b040ab8a3aba4e3e309a11d7f2612f44dde450b5c157aa5f95c05.js?body=1" for ::1 at 2015-08-13 22:42:26 -0300


Started GET "/assets/application.self-3b8dabdc891efe46b9a144b400ad69e37d7e5876bdc39dee783419a69d7ca819.js?body=1" for ::1 at 2015-08-13 22:42:26 -0300


Started GET "/" for ::1 at 2015-08-13 22:42:49 -0300
Processing by PagesController#home as HTML
  Rendered pages/home.html.erb within layouts/application (1.7ms)
Completed 200 OK in 80ms (Views: 79.6ms | ActiveRecord: 0.0ms)


Started GET "/assets/animals.self-e3b0c44298fc1c149afbf4c8996fb92427ae41e4649b934ca495991b7852b855.css?body=1" for ::1 at 2015-08-13 22:42:49 -0300


Started GET "/assets/scaffolds.self-423dafac7b7e6dcd1120f33f17829f9045cde8f6db5d128cb51922c297637def.css?body=1" for ::1 at 2015-08-13 22:42:49 -0300


Started GET "/assets/application.self-e80e8f2318043e8af94dddc2adad5a4f09739a8ebb323b3ab31cd71d45fd9113.css?body=1" for ::1 at 2015-08-13 22:42:49 -0300


Started GET "/assets/pages.self-e3b0c44298fc1c149afbf4c8996fb92427ae41e4649b934ca495991b7852b855.css?body=1" for ::1 at 2015-08-13 22:42:49 -0300


Started GET "/assets/jquery_ujs.self-ca5248a2fad13d6bd58ea121318d642f195f0b2dd818b30615f785ff365e8d1f.js?body=1" for ::1 at 2015-08-13 22:42:49 -0300


Started GET "/assets/jquery.self-d03a5518f45df77341bdbe6201ba3bfa547ebba8ed64f0ea56bfa5f96ea7c074.js?body=1" for ::1 at 2015-08-13 22:42:49 -0300


Started GET "/assets/turbolinks.self-c37727e9bd6b2735da5c311aa83fead54ed0be6cc8bd9a65309e9c5abe2cbfff.js?body=1" for ::1 at 2015-08-13 22:42:49 -0300


Started GET "/assets/animals.self-877aef30ae1b040ab8a3aba4e3e309a11d7f2612f44dde450b5c157aa5f95c05.js?body=1" for ::1 at 2015-08-13 22:42:49 -0300


Started GET "/assets/pages.self-877aef30ae1b040ab8a3aba4e3e309a11d7f2612f44dde450b5c157aa5f95c05.js?body=1" for ::1 at 2015-08-13 22:42:49 -0300


Started GET "/assets/application.self-3b8dabdc891efe46b9a144b400ad69e37d7e5876bdc39dee783419a69d7ca819.js?body=1" for ::1 at 2015-08-13 22:42:49 -0300


Started GET "/users/sign_in" for ::1 at 2015-08-13 22:42:51 -0300
Processing by Devise::SessionsController#new as HTML
  Rendered devise/shared/_links.html.erb (2.3ms)
  Rendered devise/sessions/new.html.erb within layouts/application (111.4ms)
Completed 200 OK in 196ms (Views: 174.5ms | ActiveRecord: 0.5ms)


Started GET "/users/sign_up" for ::1 at 2015-08-13 22:42:55 -0300
Processing by Devise::RegistrationsController#new as HTML
  Rendered devise/shared/_links.html.erb (0.8ms)
  Rendered devise/registrations/new.html.erb within layouts/application (6.1ms)
Completed 200 OK in 56ms (Views: 54.8ms | ActiveRecord: 0.0ms)


Started GET "/" for ::1 at 2015-08-13 22:43:46 -0300
Processing by PagesController#home as HTML
  Rendered pages/home.html.erb within layouts/application (1.0ms)
Completed 200 OK in 42ms (Views: 41.3ms | ActiveRecord: 0.0ms)


Started GET "/assets/animals.self-e3b0c44298fc1c149afbf4c8996fb92427ae41e4649b934ca495991b7852b855.css?body=1" for ::1 at 2015-08-13 22:43:46 -0300


Started GET "/assets/pages.self-e3b0c44298fc1c149afbf4c8996fb92427ae41e4649b934ca495991b7852b855.css?body=1" for ::1 at 2015-08-13 22:43:46 -0300


Started GET "/assets/jquery.self-d03a5518f45df77341bdbe6201ba3bfa547ebba8ed64f0ea56bfa5f96ea7c074.js?body=1" for ::1 at 2015-08-13 22:43:46 -0300


Started GET "/assets/jquery_ujs.self-ca5248a2fad13d6bd58ea121318d642f195f0b2dd818b30615f785ff365e8d1f.js?body=1" for ::1 at 2015-08-13 22:43:46 -0300


Started GET "/assets/scaffolds.self-423dafac7b7e6dcd1120f33f17829f9045cde8f6db5d128cb51922c297637def.css?body=1" for ::1 at 2015-08-13 22:43:46 -0300


Started GET "/assets/application.self-e80e8f2318043e8af94dddc2adad5a4f09739a8ebb323b3ab31cd71d45fd9113.css?body=1" for ::1 at 2015-08-13 22:43:46 -0300


Started GET "/assets/turbolinks.self-c37727e9bd6b2735da5c311aa83fead54ed0be6cc8bd9a65309e9c5abe2cbfff.js?body=1" for ::1 at 2015-08-13 22:43:46 -0300


Started GET "/assets/animals.self-877aef30ae1b040ab8a3aba4e3e309a11d7f2612f44dde450b5c157aa5f95c05.js?body=1" for ::1 at 2015-08-13 22:43:46 -0300


Started GET "/assets/pages.self-877aef30ae1b040ab8a3aba4e3e309a11d7f2612f44dde450b5c157aa5f95c05.js?body=1" for ::1 at 2015-08-13 22:43:46 -0300


Started GET "/assets/application.self-3b8dabdc891efe46b9a144b400ad69e37d7e5876bdc39dee783419a69d7ca819.js?body=1" for ::1 at 2015-08-13 22:43:46 -0300


Started GET "/" for ::1 at 2015-08-13 22:43:49 -0300
Processing by PagesController#home as HTML
  Rendered pages/home.html.erb within layouts/application (0.4ms)
Completed 200 OK in 45ms (Views: 44.4ms | ActiveRecord: 0.0ms)


Started GET "/" for ::1 at 2015-08-13 22:43:50 -0300
Processing by PagesController#home as HTML
  Rendered pages/home.html.erb within layouts/application (0.4ms)
Completed 200 OK in 42ms (Views: 41.8ms | ActiveRecord: 0.0ms)


Started GET "/assets/animals.self-e3b0c44298fc1c149afbf4c8996fb92427ae41e4649b934ca495991b7852b855.css?body=1" for ::1 at 2015-08-13 22:43:50 -0300


Started GET "/assets/pages.self-e3b0c44298fc1c149afbf4c8996fb92427ae41e4649b934ca495991b7852b855.css?body=1" for ::1 at 2015-08-13 22:43:50 -0300


Started GET "/assets/jquery.self-d03a5518f45df77341bdbe6201ba3bfa547ebba8ed64f0ea56bfa5f96ea7c074.js?body=1" for ::1 at 2015-08-13 22:43:50 -0300


Started GET "/assets/application.self-e80e8f2318043e8af94dddc2adad5a4f09739a8ebb323b3ab31cd71d45fd9113.css?body=1" for ::1 at 2015-08-13 22:43:50 -0300


Started GET "/assets/scaffolds.self-423dafac7b7e6dcd1120f33f17829f9045cde8f6db5d128cb51922c297637def.css?body=1" for ::1 at 2015-08-13 22:43:50 -0300


Started GET "/assets/jquery_ujs.self-ca5248a2fad13d6bd58ea121318d642f195f0b2dd818b30615f785ff365e8d1f.js?body=1" for ::1 at 2015-08-13 22:43:51 -0300


Started GET "/assets/turbolinks.self-c37727e9bd6b2735da5c311aa83fead54ed0be6cc8bd9a65309e9c5abe2cbfff.js?body=1" for ::1 at 2015-08-13 22:43:51 -0300


Started GET "/assets/animals.self-877aef30ae1b040ab8a3aba4e3e309a11d7f2612f44dde450b5c157aa5f95c05.js?body=1" for ::1 at 2015-08-13 22:43:51 -0300


Started GET "/assets/pages.self-877aef30ae1b040ab8a3aba4e3e309a11d7f2612f44dde450b5c157aa5f95c05.js?body=1" for ::1 at 2015-08-13 22:43:51 -0300


Started GET "/assets/application.self-3b8dabdc891efe46b9a144b400ad69e37d7e5876bdc39dee783419a69d7ca819.js?body=1" for ::1 at 2015-08-13 22:43:51 -0300


Started GET "/" for ::1 at 2015-08-13 22:44:04 -0300
Processing by PagesController#home as HTML
  Rendered pages/home.html.erb within layouts/application (1.1ms)
Completed 200 OK in 46ms (Views: 45.5ms | ActiveRecord: 0.0ms)


Started GET "/assets/animals.self-e3b0c44298fc1c149afbf4c8996fb92427ae41e4649b934ca495991b7852b855.css?body=1" for ::1 at 2015-08-13 22:44:04 -0300


Started GET "/assets/scaffolds.self-423dafac7b7e6dcd1120f33f17829f9045cde8f6db5d128cb51922c297637def.css?body=1" for ::1 at 2015-08-13 22:44:04 -0300


Started GET "/assets/pages.self-e3b0c44298fc1c149afbf4c8996fb92427ae41e4649b934ca495991b7852b855.css?body=1" for ::1 at 2015-08-13 22:44:04 -0300


Started GET "/assets/jquery_ujs.self-ca5248a2fad13d6bd58ea121318d642f195f0b2dd818b30615f785ff365e8d1f.js?body=1" for ::1 at 2015-08-13 22:44:04 -0300


Started GET "/assets/application.self-e80e8f2318043e8af94dddc2adad5a4f09739a8ebb323b3ab31cd71d45fd9113.css?body=1" for ::1 at 2015-08-13 22:44:04 -0300


Started GET "/assets/jquery.self-d03a5518f45df77341bdbe6201ba3bfa547ebba8ed64f0ea56bfa5f96ea7c074.js?body=1" for ::1 at 2015-08-13 22:44:04 -0300


Started GET "/assets/turbolinks.self-c37727e9bd6b2735da5c311aa83fead54ed0be6cc8bd9a65309e9c5abe2cbfff.js?body=1" for ::1 at 2015-08-13 22:44:04 -0300


Started GET "/assets/animals.self-877aef30ae1b040ab8a3aba4e3e309a11d7f2612f44dde450b5c157aa5f95c05.js?body=1" for ::1 at 2015-08-13 22:44:04 -0300


Started GET "/assets/pages.self-877aef30ae1b040ab8a3aba4e3e309a11d7f2612f44dde450b5c157aa5f95c05.js?body=1" for ::1 at 2015-08-13 22:44:04 -0300


Started GET "/assets/application.self-3b8dabdc891efe46b9a144b400ad69e37d7e5876bdc39dee783419a69d7ca819.js?body=1" for ::1 at 2015-08-13 22:44:04 -0300


Started GET "/users/sign_up" for ::1 at 2015-08-13 22:44:06 -0300
Processing by Devise::RegistrationsController#new as HTML
  Rendered devise/shared/_links.html.erb (0.3ms)
  Rendered devise/registrations/new.html.erb within layouts/application (3.7ms)
Completed 200 OK in 50ms (Views: 49.2ms | ActiveRecord: 0.0ms)


Started POST "/users" for ::1 at 2015-08-13 22:44:15 -0300
Processing by Devise::RegistrationsController#create as HTML
  Parameters: {"utf8"=>"✓", "authenticity_token"=>"iuXIR6hMTcK63rzGQEst1z+wv5/eg56wy/O+DmXA8ZQ+DqbE43u/z+wDC7oo6QHJ+osBtr9tyHoDoYb+u72dGw==", "user"=>{"email"=>"jcfausto@gmail.com", "password"=>"[FILTERED]", "password_confirmation"=>"[FILTERED]"}, "commit"=>"Sign up"}
  [1m[35m (0.1ms)[0m  begin transaction
  [1m[36mUser Exists (11.6ms)[0m  [1mSELECT  1 AS one FROM "users" WHERE "users"."email" = 'jcfausto@gmail.com' LIMIT 1[0m
  [1m[35mUser Load (0.6ms)[0m  SELECT  "users".* FROM "users" WHERE "users"."confirmation_token" = ?  ORDER BY "users"."id" ASC LIMIT 1  [["confirmation_token", "63499b31b0e5a64e77cec79dfc2186dfdc65555abc058025bc5c117060c095b8"]]
  [1m[36mSQL (4.8ms)[0m  [1mINSERT INTO "users" ("email", "encrypted_password", "created_at", "updated_at", "confirmation_token", "confirmation_sent_at") VALUES (?, ?, ?, ?, ?, ?)[0m  [["email", "jcfausto@gmail.com"], ["encrypted_password", "$2a$10$Pir0WdTP3SD/Lys1SdeMS.klIRxI88AB8mKexqbYzwrdTQEClZKTG"], ["created_at", "2015-08-14 01:44:15.705378"], ["updated_at", "2015-08-14 01:44:15.705378"], ["confirmation_token", "63499b31b0e5a64e77cec79dfc2186dfdc65555abc058025bc5c117060c095b8"], ["confirmation_sent_at", "2015-08-14 01:44:15.961265"]]
  Rendered devise/mailer/confirmation_instructions.html.erb (1.0ms)

Devise::Mailer#confirmation_instructions: processed outbound mail in 257.9ms

Sent mail to jcfausto@gmail.com (5894.0ms)
Date: Thu, 13 Aug 2015 22:44:16 -0300
From: no-reply@example.com
Reply-To: please-change-me-at-config-initializers-devise@example.com
To: jcfausto@gmail.com
Message-ID: <55cd47f04575a_31a73fd4e1557a6c773d0@iMac.local.mail>
Subject: Confirmation instructions
Mime-Version: 1.0
Content-Type: text/html;
 charset=UTF-8
Content-Transfer-Encoding: 7bit

<p>Welcome jcfausto@gmail.com!</p>

<p>You can confirm your account email through the link below:</p>

<p><a href="http://localhost:3000/users/confirmation?confirmation_token=X7GmDhk1sAmAwGQd4Z17">Confirm my account</a></p>

  [1m[35m (1.3ms)[0m  commit transaction
  [1m[36m (0.1ms)[0m  [1mbegin transaction[0m
  [1m[35mSQL (0.4ms)[0m  UPDATE "users" SET "last_sign_in_at" = ?, "current_sign_in_at" = ?, "last_sign_in_ip" = ?, "current_sign_in_ip" = ?, "sign_in_count" = ?, "updated_at" = ? WHERE "users"."id" = ?  [["last_sign_in_at", "2015-08-14 01:44:22.175399"], ["current_sign_in_at", "2015-08-14 01:44:22.175399"], ["last_sign_in_ip", "::1"], ["current_sign_in_ip", "::1"], ["sign_in_count", 1], ["updated_at", "2015-08-14 01:44:22.176375"], ["id", 1]]
  [1m[36m (8.8ms)[0m  [1mcommit transaction[0m
Redirected to http://localhost:3000/
Completed 302 Found in 6639ms (ActiveRecord: 27.6ms)


Started GET "/" for ::1 at 2015-08-13 22:44:22 -0300
Processing by PagesController#home as HTML
  [1m[35mUser Load (0.3ms)[0m  SELECT  "users".* FROM "users" WHERE "users"."id" = ?  ORDER BY "users"."id" ASC LIMIT 1  [["id", 1]]
  Rendered pages/home.html.erb within layouts/application (2.0ms)
Completed 200 OK in 46ms (Views: 44.7ms | ActiveRecord: 0.3ms)


Started GET "/" for ::1 at 2015-08-13 22:45:45 -0300
Processing by PagesController#home as HTML
  [1m[36mUser Load (0.1ms)[0m  [1mSELECT  "users".* FROM "users" WHERE "users"."id" = ?  ORDER BY "users"."id" ASC LIMIT 1[0m  [["id", 1]]
  Rendered pages/home.html.erb within layouts/application (2.3ms)
Completed 200 OK in 44ms (Views: 43.7ms | ActiveRecord: 0.1ms)


Started GET "/assets/pages.self-e3b0c44298fc1c149afbf4c8996fb92427ae41e4649b934ca495991b7852b855.css?body=1" for ::1 at 2015-08-13 22:45:45 -0300


Started GET "/assets/animals.self-e3b0c44298fc1c149afbf4c8996fb92427ae41e4649b934ca495991b7852b855.css?body=1" for ::1 at 2015-08-13 22:45:45 -0300


Started GET "/assets/jquery.self-d03a5518f45df77341bdbe6201ba3bfa547ebba8ed64f0ea56bfa5f96ea7c074.js?body=1" for ::1 at 2015-08-13 22:45:45 -0300


Started GET "/assets/scaffolds.self-423dafac7b7e6dcd1120f33f17829f9045cde8f6db5d128cb51922c297637def.css?body=1" for ::1 at 2015-08-13 22:45:45 -0300


Started GET "/assets/jquery_ujs.self-ca5248a2fad13d6bd58ea121318d642f195f0b2dd818b30615f785ff365e8d1f.js?body=1" for ::1 at 2015-08-13 22:45:45 -0300


Started GET "/assets/application.self-e80e8f2318043e8af94dddc2adad5a4f09739a8ebb323b3ab31cd71d45fd9113.css?body=1" for ::1 at 2015-08-13 22:45:45 -0300


Started GET "/assets/turbolinks.self-c37727e9bd6b2735da5c311aa83fead54ed0be6cc8bd9a65309e9c5abe2cbfff.js?body=1" for ::1 at 2015-08-13 22:45:45 -0300


Started GET "/assets/animals.self-877aef30ae1b040ab8a3aba4e3e309a11d7f2612f44dde450b5c157aa5f95c05.js?body=1" for ::1 at 2015-08-13 22:45:45 -0300


Started GET "/assets/pages.self-877aef30ae1b040ab8a3aba4e3e309a11d7f2612f44dde450b5c157aa5f95c05.js?body=1" for ::1 at 2015-08-13 22:45:45 -0300


Started GET "/assets/application.self-3b8dabdc891efe46b9a144b400ad69e37d7e5876bdc39dee783419a69d7ca819.js?body=1" for ::1 at 2015-08-13 22:45:45 -0300


Started GET "/" for ::1 at 2015-08-13 22:47:05 -0300
Processing by PagesController#home as HTML
  [1m[35mUser Load (0.2ms)[0m  SELECT  "users".* FROM "users" WHERE "users"."id" = ?  ORDER BY "users"."id" ASC LIMIT 1  [["id", 1]]
  Rendered pages/home.html.erb within layouts/application (2.7ms)
Completed 200 OK in 47ms (Views: 45.9ms | ActiveRecord: 0.2ms)


Started GET "/assets/animals.self-e3b0c44298fc1c149afbf4c8996fb92427ae41e4649b934ca495991b7852b855.css?body=1" for ::1 at 2015-08-13 22:47:05 -0300


Started GET "/assets/scaffolds.self-423dafac7b7e6dcd1120f33f17829f9045cde8f6db5d128cb51922c297637def.css?body=1" for ::1 at 2015-08-13 22:47:05 -0300


Started GET "/assets/pages.self-e3b0c44298fc1c149afbf4c8996fb92427ae41e4649b934ca495991b7852b855.css?body=1" for ::1 at 2015-08-13 22:47:05 -0300


Started GET "/assets/jquery.self-d03a5518f45df77341bdbe6201ba3bfa547ebba8ed64f0ea56bfa5f96ea7c074.js?body=1" for ::1 at 2015-08-13 22:47:05 -0300


Started GET "/assets/jquery_ujs.self-ca5248a2fad13d6bd58ea121318d642f195f0b2dd818b30615f785ff365e8d1f.js?body=1" for ::1 at 2015-08-13 22:47:05 -0300


Started GET "/assets/application.self-e80e8f2318043e8af94dddc2adad5a4f09739a8ebb323b3ab31cd71d45fd9113.css?body=1" for ::1 at 2015-08-13 22:47:05 -0300


Started GET "/assets/turbolinks.self-c37727e9bd6b2735da5c311aa83fead54ed0be6cc8bd9a65309e9c5abe2cbfff.js?body=1" for ::1 at 2015-08-13 22:47:05 -0300


Started GET "/assets/animals.self-877aef30ae1b040ab8a3aba4e3e309a11d7f2612f44dde450b5c157aa5f95c05.js?body=1" for ::1 at 2015-08-13 22:47:05 -0300


Started GET "/assets/pages.self-877aef30ae1b040ab8a3aba4e3e309a11d7f2612f44dde450b5c157aa5f95c05.js?body=1" for ::1 at 2015-08-13 22:47:05 -0300


Started GET "/assets/application.self-3b8dabdc891efe46b9a144b400ad69e37d7e5876bdc39dee783419a69d7ca819.js?body=1" for ::1 at 2015-08-13 22:47:05 -0300


Started GET "/" for ::1 at 2015-08-13 22:47:22 -0300
Processing by PagesController#home as HTML
  [1m[36mUser Load (0.1ms)[0m  [1mSELECT  "users".* FROM "users" WHERE "users"."id" = ?  ORDER BY "users"."id" ASC LIMIT 1[0m  [["id", 1]]
  Rendered pages/home.html.erb within layouts/application (2.3ms)
Completed 200 OK in 47ms (Views: 46.3ms | ActiveRecord: 0.1ms)


Started GET "/assets/animals.self-e3b0c44298fc1c149afbf4c8996fb92427ae41e4649b934ca495991b7852b855.css?body=1" for ::1 at 2015-08-13 22:47:22 -0300


Started GET "/assets/pages.self-e3b0c44298fc1c149afbf4c8996fb92427ae41e4649b934ca495991b7852b855.css?body=1" for ::1 at 2015-08-13 22:47:22 -0300


Started GET "/assets/jquery.self-d03a5518f45df77341bdbe6201ba3bfa547ebba8ed64f0ea56bfa5f96ea7c074.js?body=1" for ::1 at 2015-08-13 22:47:22 -0300


Started GET "/assets/jquery_ujs.self-ca5248a2fad13d6bd58ea121318d642f195f0b2dd818b30615f785ff365e8d1f.js?body=1" for ::1 at 2015-08-13 22:47:22 -0300


Started GET "/assets/application.self-e80e8f2318043e8af94dddc2adad5a4f09739a8ebb323b3ab31cd71d45fd9113.css?body=1" for ::1 at 2015-08-13 22:47:22 -0300


Started GET "/assets/scaffolds.self-423dafac7b7e6dcd1120f33f17829f9045cde8f6db5d128cb51922c297637def.css?body=1" for ::1 at 2015-08-13 22:47:22 -0300


Started GET "/assets/turbolinks.self-c37727e9bd6b2735da5c311aa83fead54ed0be6cc8bd9a65309e9c5abe2cbfff.js?body=1" for ::1 at 2015-08-13 22:47:22 -0300


Started GET "/assets/animals.self-877aef30ae1b040ab8a3aba4e3e309a11d7f2612f44dde450b5c157aa5f95c05.js?body=1" for ::1 at 2015-08-13 22:47:22 -0300


Started GET "/assets/pages.self-877aef30ae1b040ab8a3aba4e3e309a11d7f2612f44dde450b5c157aa5f95c05.js?body=1" for ::1 at 2015-08-13 22:47:22 -0300


Started GET "/assets/application.self-3b8dabdc891efe46b9a144b400ad69e37d7e5876bdc39dee783419a69d7ca819.js?body=1" for ::1 at 2015-08-13 22:47:22 -0300


Started DELETE "/users/sign_out" for ::1 at 2015-08-13 22:47:27 -0300
Processing by Devise::SessionsController#destroy as HTML
  Parameters: {"authenticity_token"=>"7uqSNxxWBw8/QqhM3ZYPkzWdRf+gUUJRDVHjt80DXsZaAfy0V2H1AmmfHzC1NCON8Kb71sG/FJvFA9tHE34ySQ=="}
  [1m[35mUser Load (0.2ms)[0m  SELECT  "users".* FROM "users" WHERE "users"."id" = ?  ORDER BY "users"."id" ASC LIMIT 1  [["id", 1]]
  [1m[36m (0.1ms)[0m  [1mbegin transaction[0m
  [1m[35m (0.1ms)[0m  commit transaction
Redirected to http://localhost:3000/
Completed 302 Found in 21ms (ActiveRecord: 0.3ms)


Started GET "/" for ::1 at 2015-08-13 22:47:28 -0300
Processing by PagesController#home as HTML
  Rendered pages/home.html.erb within layouts/application (0.7ms)
Completed 200 OK in 46ms (Views: 45.2ms | ActiveRecord: 0.0ms)


Started GET "/users/sign_in" for ::1 at 2015-08-13 22:47:29 -0300
Processing by Devise::SessionsController#new as HTML
  Rendered devise/shared/_links.html.erb (0.6ms)
  Rendered devise/sessions/new.html.erb within layouts/application (9.5ms)
Completed 200 OK in 86ms (Views: 85.1ms | ActiveRecord: 0.0ms)


Started POST "/users/sign_in" for ::1 at 2015-08-13 22:47:34 -0300
Processing by Devise::SessionsController#create as HTML
  Parameters: {"utf8"=>"✓", "authenticity_token"=>"ALu++JZZtZrvvSaMjQATV7HiI17Mw6IaCKXu46xAoKygGDbDZ5U7Nw388oUDxKN76zR7ppwT0VxMpNlhvORYGg==", "user"=>{"email"=>"jcfausto@gmail.com", "password"=>"[FILTERED]", "remember_me"=>"0"}, "commit"=>"Log in"}
  [1m[36mUser Load (0.3ms)[0m  [1mSELECT  "users".* FROM "users" WHERE "users"."email" = ?  ORDER BY "users"."id" ASC LIMIT 1[0m  [["email", "jcfausto@gmail.com"]]
  [1m[35m (0.1ms)[0m  begin transaction
  [1m[36mSQL (0.4ms)[0m  [1mUPDATE "users" SET "current_sign_in_at" = ?, "sign_in_count" = ?, "updated_at" = ? WHERE "users"."id" = ?[0m  [["current_sign_in_at", "2015-08-14 01:47:34.660250"], ["sign_in_count", 2], ["updated_at", "2015-08-14 01:47:34.661517"], ["id", 1]]
  [1m[35m (1.4ms)[0m  commit transaction
Redirected to http://localhost:3000/
Completed 302 Found in 99ms (ActiveRecord: 2.2ms)


Started GET "/" for ::1 at 2015-08-13 22:47:34 -0300
Processing by PagesController#home as HTML
  [1m[36mUser Load (0.2ms)[0m  [1mSELECT  "users".* FROM "users" WHERE "users"."id" = ?  ORDER BY "users"."id" ASC LIMIT 1[0m  [["id", 1]]
  Rendered pages/home.html.erb within layouts/application (1.8ms)
Completed 200 OK in 50ms (Views: 48.7ms | ActiveRecord: 0.2ms)


Started GET "/" for ::1 at 2015-08-13 22:48:26 -0300
Processing by PagesController#home as HTML
  [1m[35mUser Load (0.1ms)[0m  SELECT  "users".* FROM "users" WHERE "users"."id" = ?  ORDER BY "users"."id" ASC LIMIT 1  [["id", 1]]
  Rendered pages/home.html.erb within layouts/application (2.6ms)
Completed 200 OK in 55ms (Views: 54.4ms | ActiveRecord: 0.1ms)


Started GET "/assets/animals.self-e3b0c44298fc1c149afbf4c8996fb92427ae41e4649b934ca495991b7852b855.css?body=1" for ::1 at 2015-08-13 22:48:26 -0300


Started GET "/assets/pages.self-e3b0c44298fc1c149afbf4c8996fb92427ae41e4649b934ca495991b7852b855.css?body=1" for ::1 at 2015-08-13 22:48:26 -0300


Started GET "/assets/scaffolds.self-423dafac7b7e6dcd1120f33f17829f9045cde8f6db5d128cb51922c297637def.css?body=1" for ::1 at 2015-08-13 22:48:26 -0300


Started GET "/assets/application.self-e80e8f2318043e8af94dddc2adad5a4f09739a8ebb323b3ab31cd71d45fd9113.css?body=1" for ::1 at 2015-08-13 22:48:26 -0300


Started GET "/assets/jquery_ujs.self-ca5248a2fad13d6bd58ea121318d642f195f0b2dd818b30615f785ff365e8d1f.js?body=1" for ::1 at 2015-08-13 22:48:26 -0300


Started GET "/assets/turbolinks.self-c37727e9bd6b2735da5c311aa83fead54ed0be6cc8bd9a65309e9c5abe2cbfff.js?body=1" for ::1 at 2015-08-13 22:48:26 -0300


Started GET "/assets/animals.self-877aef30ae1b040ab8a3aba4e3e309a11d7f2612f44dde450b5c157aa5f95c05.js?body=1" for ::1 at 2015-08-13 22:48:26 -0300


Started GET "/assets/jquery.self-d03a5518f45df77341bdbe6201ba3bfa547ebba8ed64f0ea56bfa5f96ea7c074.js?body=1" for ::1 at 2015-08-13 22:48:26 -0300


Started GET "/assets/pages.self-877aef30ae1b040ab8a3aba4e3e309a11d7f2612f44dde450b5c157aa5f95c05.js?body=1" for ::1 at 2015-08-13 22:48:26 -0300


Started GET "/assets/application.self-3b8dabdc891efe46b9a144b400ad69e37d7e5876bdc39dee783419a69d7ca819.js?body=1" for ::1 at 2015-08-13 22:48:26 -0300


Started GET "/animals" for ::1 at 2015-08-13 22:48:28 -0300
Processing by AnimalsController#index as HTML
  [1m[36mUser Load (0.1ms)[0m  [1mSELECT  "users".* FROM "users" WHERE "users"."id" = ?  ORDER BY "users"."id" ASC LIMIT 1[0m  [["id", 1]]
  [1m[35mAnimal Load (7.8ms)[0m  SELECT "animals".* FROM "animals"
  Rendered animals/index.html.erb within layouts/application (9.7ms)
Completed 200 OK in 74ms (Views: 48.5ms | ActiveRecord: 8.1ms)


Started DELETE "/users/sign_out" for ::1 at 2015-08-13 22:49:07 -0300
Processing by Devise::SessionsController#destroy as HTML
  Parameters: {"authenticity_token"=>"dFRBxdw5RLFSsyiwxDybRJ81fSuNlpnfwGB/mbFbEedfHELz+4d3Pnp2ExN/rUtM/cWuYODNKdVQ1ujvjM+/oA=="}
  [1m[36mUser Load (0.2ms)[0m  [1mSELECT  "users".* FROM "users" WHERE "users"."id" = ?  ORDER BY "users"."id" ASC LIMIT 1[0m  [["id", 1]]
  [1m[35m (0.1ms)[0m  begin transaction
  [1m[36m (0.1ms)[0m  [1mcommit transaction[0m
Redirected to http://localhost:3000/
Completed 302 Found in 5ms (ActiveRecord: 0.3ms)


Started GET "/" for ::1 at 2015-08-13 22:49:07 -0300
Processing by PagesController#home as HTML
  Rendered pages/home.html.erb within layouts/application (1.2ms)
Completed 200 OK in 43ms (Views: 42.5ms | ActiveRecord: 0.0ms)


Started GET "/users/sign_in" for ::1 at 2015-08-13 22:49:09 -0300
Processing by Devise::SessionsController#new as HTML
  Rendered devise/shared/_links.html.erb (0.6ms)
  Rendered devise/sessions/new.html.erb within layouts/application (9.9ms)
Completed 200 OK in 78ms (Views: 77.0ms | ActiveRecord: 0.0ms)


Started POST "/users/sign_in" for ::1 at 2015-08-13 22:49:14 -0300
Processing by Devise::SessionsController#create as HTML
  Parameters: {"utf8"=>"✓", "authenticity_token"=>"PdF6zNcnkgQHnqMJg+kOohVJVs8JdDjETAddPzZhLVMx9auKgNYS3dYC9urd5+rUOmB3oIw38ClNa66ovY8NSg==", "user"=>{"email"=>"jcfausto@gmail.com", "password"=>"[FILTERED]", "remember_me"=>"0"}, "commit"=>"Log in"}
  [1m[35mUser Load (0.1ms)[0m  SELECT  "users".* FROM "users" WHERE "users"."email" = ?  ORDER BY "users"."id" ASC LIMIT 1  [["email", "jcfausto@gmail.com"]]
  [1m[36m (0.1ms)[0m  [1mbegin transaction[0m
  [1m[35mSQL (0.4ms)[0m  UPDATE "users" SET "last_sign_in_at" = ?, "current_sign_in_at" = ?, "sign_in_count" = ?, "updated_at" = ? WHERE "users"."id" = ?  [["last_sign_in_at", "2015-08-14 01:47:34.660250"], ["current_sign_in_at", "2015-08-14 01:49:15.072033"], ["sign_in_count", 3], ["updated_at", "2015-08-14 01:49:15.073103"], ["id", 1]]
  [1m[36m (1.3ms)[0m  [1mcommit transaction[0m
Redirected to http://localhost:3000/
Completed 302 Found in 86ms (ActiveRecord: 1.9ms)


Started GET "/" for ::1 at 2015-08-13 22:49:15 -0300
Processing by PagesController#home as HTML
  [1m[35mUser Load (0.2ms)[0m  SELECT  "users".* FROM "users" WHERE "users"."id" = ?  ORDER BY "users"."id" ASC LIMIT 1  [["id", 1]]
  Rendered pages/home.html.erb within layouts/application (1.7ms)
Completed 200 OK in 42ms (Views: 41.1ms | ActiveRecord: 0.1ms)


Started GET "/animals" for ::1 at 2015-08-13 22:49:16 -0300
Processing by AnimalsController#index as HTML
  [1m[36mUser Load (0.1ms)[0m  [1mSELECT  "users".* FROM "users" WHERE "users"."id" = ?  ORDER BY "users"."id" ASC LIMIT 1[0m  [["id", 1]]
  [1m[35mAnimal Load (0.1ms)[0m  SELECT "animals".* FROM "animals"
  Rendered animals/index.html.erb within layouts/application (0.7ms)
Completed 200 OK in 43ms (Views: 40.6ms | ActiveRecord: 0.3ms)


Started GET "/animals/new" for ::1 at 2015-08-13 22:49:20 -0300
Processing by AnimalsController#new as HTML
  [1m[36mUser Load (0.2ms)[0m  [1mSELECT  "users".* FROM "users" WHERE "users"."id" = ?  ORDER BY "users"."id" ASC LIMIT 1[0m  [["id", 1]]
Redirected to http://localhost:3000/animals
Filter chain halted as :check_confirmed rendered or redirected
Completed 302 Found in 3ms (ActiveRecord: 0.2ms)


Started GET "/animals" for ::1 at 2015-08-13 22:49:20 -0300
Processing by AnimalsController#index as HTML
  [1m[35mUser Load (0.2ms)[0m  SELECT  "users".* FROM "users" WHERE "users"."id" = ?  ORDER BY "users"."id" ASC LIMIT 1  [["id", 1]]
  [1m[36mAnimal Load (0.1ms)[0m  [1mSELECT "animals".* FROM "animals"[0m
  Rendered animals/index.html.erb within layouts/application (0.8ms)
Completed 200 OK in 45ms (Views: 42.5ms | ActiveRecord: 0.3ms)


Started GET "/users/confirmation?confirmation_token=X7GmDhk1sAmAwGQd4Z17" for ::1 at 2015-08-13 22:49:29 -0300
Processing by Devise::ConfirmationsController#show as HTML
  Parameters: {"confirmation_token"=>"X7GmDhk1sAmAwGQd4Z17"}
  [1m[35mUser Load (0.2ms)[0m  SELECT  "users".* FROM "users" WHERE "users"."confirmation_token" = ?  ORDER BY "users"."id" ASC LIMIT 1  [["confirmation_token", "63499b31b0e5a64e77cec79dfc2186dfdc65555abc058025bc5c117060c095b8"]]
  [1m[36m (0.1ms)[0m  [1mbegin transaction[0m
  [1m[35mSQL (0.4ms)[0m  UPDATE "users" SET "confirmed_at" = ?, "updated_at" = ? WHERE "users"."id" = ?  [["confirmed_at", "2015-08-14 01:49:29.816206"], ["updated_at", "2015-08-14 01:49:29.816897"], ["id", 1]]
  [1m[36m (1.3ms)[0m  [1mcommit transaction[0m
  [1m[35mUser Load (0.2ms)[0m  SELECT  "users".* FROM "users" WHERE "users"."id" = ?  ORDER BY "users"."id" ASC LIMIT 1  [["id", 1]]
Redirected to http://localhost:3000/
Completed 302 Found in 8ms (ActiveRecord: 2.0ms)


Started GET "/" for ::1 at 2015-08-13 22:49:29 -0300
Processing by PagesController#home as HTML
  [1m[36mUser Load (0.2ms)[0m  [1mSELECT  "users".* FROM "users" WHERE "users"."id" = ?  ORDER BY "users"."id" ASC LIMIT 1[0m  [["id", 1]]
  Rendered pages/home.html.erb within layouts/application (1.9ms)
Completed 200 OK in 45ms (Views: 44.1ms | ActiveRecord: 0.2ms)


Started GET "/animals" for ::1 at 2015-08-13 22:49:34 -0300
Processing by AnimalsController#index as HTML
  [1m[35mUser Load (0.1ms)[0m  SELECT  "users".* FROM "users" WHERE "users"."id" = ?  ORDER BY "users"."id" ASC LIMIT 1  [["id", 1]]
  [1m[36mAnimal Load (0.2ms)[0m  [1mSELECT "animals".* FROM "animals"[0m
  Rendered animals/index.html.erb within layouts/application (1.0ms)
Completed 200 OK in 60ms (Views: 57.9ms | ActiveRecord: 0.3ms)


Started GET "/animals/new" for ::1 at 2015-08-13 22:49:36 -0300
Processing by AnimalsController#new as HTML
  [1m[35mUser Load (0.1ms)[0m  SELECT  "users".* FROM "users" WHERE "users"."id" = ?  ORDER BY "users"."id" ASC LIMIT 1  [["id", 1]]
  Rendered animals/_form.html.erb (2.5ms)
  Rendered animals/new.html.erb within layouts/application (5.5ms)
Completed 200 OK in 54ms (Views: 49.0ms | ActiveRecord: 0.3ms)


Started POST "/animals" for ::1 at 2015-08-13 22:49:40 -0300
Processing by AnimalsController#create as HTML
  Parameters: {"utf8"=>"✓", "authenticity_token"=>"un3mceBQSR/84erhDfGvPvPFE1tgNGIA3cHnbGsXqV3XzTLMV0NjA12LDfZCQB/UR2RUfPsa2YFGGOARnzf7fQ==", "animal"=>{"name"=>"Dog"}, "commit"=>"Create Animal"}
  [1m[36mUser Load (0.2ms)[0m  [1mSELECT  "users".* FROM "users" WHERE "users"."id" = ?  ORDER BY "users"."id" ASC LIMIT 1[0m  [["id", 1]]
  [1m[35m (0.1ms)[0m  begin transaction
  [1m[36mSQL (0.5ms)[0m  [1mINSERT INTO "animals" ("name", "created_at", "updated_at") VALUES (?, ?, ?)[0m  [["name", "Dog"], ["created_at", "2015-08-14 01:49:40.462531"], ["updated_at", "2015-08-14 01:49:40.462531"]]
  [1m[35m (1.2ms)[0m  commit transaction
Redirected to http://localhost:3000/animals/1
Completed 302 Found in 8ms (ActiveRecord: 2.1ms)


Started GET "/animals/1" for ::1 at 2015-08-13 22:49:40 -0300
Processing by AnimalsController#show as HTML
  Parameters: {"id"=>"1"}
  [1m[36mAnimal Load (0.2ms)[0m  [1mSELECT  "animals".* FROM "animals" WHERE "animals"."id" = ? LIMIT 1[0m  [["id", 1]]
  [1m[35mUser Load (0.1ms)[0m  SELECT  "users".* FROM "users" WHERE "users"."id" = ?  ORDER BY "users"."id" ASC LIMIT 1  [["id", 1]]
  Rendered animals/show.html.erb within layouts/application (0.9ms)
Completed 200 OK in 58ms (Views: 42.0ms | ActiveRecord: 0.3ms)


Started GET "/animals" for ::1 at 2015-08-13 22:49:42 -0300
Processing by AnimalsController#index as HTML
  [1m[36mUser Load (0.2ms)[0m  [1mSELECT  "users".* FROM "users" WHERE "users"."id" = ?  ORDER BY "users"."id" ASC LIMIT 1[0m  [["id", 1]]
  [1m[35mAnimal Load (0.2ms)[0m  SELECT "animals".* FROM "animals"
  Rendered animals/index.html.erb within layouts/application (1.1ms)
Completed 200 OK in 46ms (Views: 43.5ms | ActiveRecord: 0.3ms)


Started GET "/animals/new" for ::1 at 2015-08-13 22:49:43 -0300
Processing by AnimalsController#new as HTML
  [1m[36mUser Load (0.1ms)[0m  [1mSELECT  "users".* FROM "users" WHERE "users"."id" = ?  ORDER BY "users"."id" ASC LIMIT 1[0m  [["id", 1]]
  Rendered animals/_form.html.erb (1.4ms)
  Rendered animals/new.html.erb within layouts/application (3.7ms)
Completed 200 OK in 47ms (Views: 44.8ms | ActiveRecord: 0.1ms)


Started POST "/animals" for ::1 at 2015-08-13 22:49:46 -0300
Processing by AnimalsController#create as HTML
  Parameters: {"utf8"=>"✓", "authenticity_token"=>"/urmwBmFKFhFRUYw451Hs9I1I3UrLbBNNp9aVX3Vtd2TWjJ9rpYCROQvoSesLPdZZpRkUrADC8ytRl0oifXn/Q==", "animal"=>{"name"=>"Cat"}, "commit"=>"Create Animal"}
  [1m[35mUser Load (0.2ms)[0m  SELECT  "users".* FROM "users" WHERE "users"."id" = ?  ORDER BY "users"."id" ASC LIMIT 1  [["id", 1]]
  [1m[36m (0.1ms)[0m  [1mbegin transaction[0m
  [1m[35mSQL (0.3ms)[0m  INSERT INTO "animals" ("name", "created_at", "updated_at") VALUES (?, ?, ?)  [["name", "Cat"], ["created_at", "2015-08-14 01:49:46.661571"], ["updated_at", "2015-08-14 01:49:46.661571"]]
  [1m[36m (1.1ms)[0m  [1mcommit transaction[0m
Redirected to http://localhost:3000/animals/2
Completed 302 Found in 7ms (ActiveRecord: 1.7ms)


Started GET "/animals/2" for ::1 at 2015-08-13 22:49:46 -0300
Processing by AnimalsController#show as HTML
  Parameters: {"id"=>"2"}
  [1m[35mAnimal Load (0.2ms)[0m  SELECT  "animals".* FROM "animals" WHERE "animals"."id" = ? LIMIT 1  [["id", 2]]
  [1m[36mUser Load (0.1ms)[0m  [1mSELECT  "users".* FROM "users" WHERE "users"."id" = ?  ORDER BY "users"."id" ASC LIMIT 1[0m  [["id", 1]]
  Rendered animals/show.html.erb within layouts/application (0.4ms)
Completed 200 OK in 45ms (Views: 42.1ms | ActiveRecord: 0.3ms)


Started GET "/animals" for ::1 at 2015-08-13 22:49:48 -0300
Processing by AnimalsController#index as HTML
  [1m[35mUser Load (0.2ms)[0m  SELECT  "users".* FROM "users" WHERE "users"."id" = ?  ORDER BY "users"."id" ASC LIMIT 1  [["id", 1]]
  [1m[36mAnimal Load (0.2ms)[0m  [1mSELECT "animals".* FROM "animals"[0m
  Rendered animals/index.html.erb within layouts/application (1.6ms)
Completed 200 OK in 50ms (Views: 47.6ms | ActiveRecord: 0.3ms)


Started GET "/" for ::1 at 2015-08-13 22:49:58 -0300
Processing by PagesController#home as HTML
  [1m[35mUser Load (0.1ms)[0m  SELECT  "users".* FROM "users" WHERE "users"."id" = ?  ORDER BY "users"."id" ASC LIMIT 1  [["id", 1]]
  Rendered pages/home.html.erb within layouts/application (1.8ms)
Completed 200 OK in 83ms (Views: 81.7ms | ActiveRecord: 0.1ms)


Started GET "/" for ::1 at 2015-08-13 22:50:03 -0300
Processing by PagesController#home as HTML
  [1m[36mUser Load (0.1ms)[0m  [1mSELECT  "users".* FROM "users" WHERE "users"."id" = ?  ORDER BY "users"."id" ASC LIMIT 1[0m  [["id", 1]]
  Rendered pages/home.html.erb within layouts/application (1.4ms)
Completed 200 OK in 46ms (Views: 45.2ms | ActiveRecord: 0.1ms)


Started DELETE "/users/sign_out" for ::1 at 2015-08-13 22:50:06 -0300
Processing by Devise::SessionsController#destroy as HTML
  Parameters: {"authenticity_token"=>"IYpiuEJtJAUNGttqXyivknjJZOUf4BirKOj9Jri15KJMOrYF9X4OGaxwPH0QmR94zGgjwoTOoyqzMfpbTJW2gg=="}
  [1m[35mUser Load (0.1ms)[0m  SELECT  "users".* FROM "users" WHERE "users"."id" = ?  ORDER BY "users"."id" ASC LIMIT 1  [["id", 1]]
  [1m[36m (0.1ms)[0m  [1mbegin transaction[0m
  [1m[35m (0.1ms)[0m  commit transaction
Redirected to http://localhost:3000/
Completed 302 Found in 4ms (ActiveRecord: 0.3ms)


Started GET "/" for ::1 at 2015-08-13 22:50:06 -0300
Processing by PagesController#home as HTML
  Rendered pages/home.html.erb within layouts/application (0.5ms)
Completed 200 OK in 54ms (Views: 53.0ms | ActiveRecord: 0.0ms)


Started GET "/users/sign_in" for ::1 at 2015-08-13 23:06:20 -0300
  [1m[36mActiveRecord::SchemaMigration Load (0.1ms)[0m  [1mSELECT "schema_migrations".* FROM "schema_migrations"[0m
Processing by Devise::SessionsController#new as HTML
  Rendered devise/shared/_links.html.erb (2.6ms)
  Rendered devise/sessions/new.html.erb within layouts/application (87.2ms)
Completed 200 OK in 459ms (Views: 403.4ms | ActiveRecord: 0.7ms)


Started POST "/users/sign_in" for ::1 at 2015-08-13 23:06:26 -0300
Processing by Devise::SessionsController#create as HTML
  Parameters: {"utf8"=>"✓", "authenticity_token"=>"FMGX9Y+s7sdXFS2ARyfuhUYYQCWM/NDz0aT96h2S2R8Nn2zlmk5Vj+0vs2sk1AjK/uhX8K7YQDtaWrXXKBU0lw==", "user"=>{"email"=>"jcfausto@gmail.com", "password"=>"[FILTERED]", "remember_me"=>"0"}, "commit"=>"Log in"}
  [1m[35mUser Load (22.8ms)[0m  SELECT  "users".* FROM "users" WHERE "users"."email" = ?  ORDER BY "users"."id" ASC LIMIT 1  [["email", "jcfausto@gmail.com"]]
  [1m[36m (0.1ms)[0m  [1mbegin transaction[0m
  [1m[35mSQL (0.5ms)[0m  UPDATE "users" SET "last_sign_in_at" = ?, "current_sign_in_at" = ?, "sign_in_count" = ?, "updated_at" = ? WHERE "users"."id" = ?  [["last_sign_in_at", "2015-08-14 01:49:15.072033"], ["current_sign_in_at", "2015-08-14 02:06:26.995137"], ["sign_in_count", 4], ["updated_at", "2015-08-14 02:06:26.996664"], ["id", 1]]
  [1m[36m (1.4ms)[0m  [1mcommit transaction[0m
Redirected to http://localhost:3000/
Completed 302 Found in 134ms (ActiveRecord: 24.7ms)


Started GET "/" for ::1 at 2015-08-13 23:06:27 -0300
Processing by PagesController#home as HTML
  [1m[35mUser Load (0.3ms)[0m  SELECT  "users".* FROM "users" WHERE "users"."id" = ?  ORDER BY "users"."id" ASC LIMIT 1  [["id", 1]]
  Rendered pages/home.html.erb within layouts/application (3.0ms)
Completed 200 OK in 53ms (Views: 52.1ms | ActiveRecord: 0.3ms)


Started DELETE "/users/sign_out" for ::1 at 2015-08-13 23:06:28 -0300
Processing by Devise::SessionsController#destroy as HTML
  Parameters: {"authenticity_token"=>"u/Zek6WKYV4AgGJhGKoh5jvi13rVS+70jNfXJbbMkxqTts30Bb4pJdp8jeSPtPvTye1VrJOajf37GMTV98XNMQ=="}
  [1m[36mUser Load (0.2ms)[0m  [1mSELECT  "users".* FROM "users" WHERE "users"."id" = ?  ORDER BY "users"."id" ASC LIMIT 1[0m  [["id", 1]]
  [1m[35m (0.1ms)[0m  begin transaction
  [1m[36m (0.0ms)[0m  [1mcommit transaction[0m
Redirected to http://localhost:3000/
Completed 302 Found in 10ms (ActiveRecord: 0.3ms)


Started GET "/" for ::1 at 2015-08-13 23:06:28 -0300
Processing by PagesController#home as HTML
  Rendered pages/home.html.erb within layouts/application (1.9ms)
Completed 200 OK in 93ms (Views: 92.5ms | ActiveRecord: 0.0ms)
